This file contains any messages produced by compilers while
running configure, to aid debugging if configure makes a mistake.

It was created by elf2hex configure 1.0.1, which was
generated by GNU Autoconf 2.69.  Invocation command line was

  $ ./configure --target=riscv64-unknown-elf

## --------- ##
## Platform. ##
## --------- ##

hostname = daksith-TUF-GAMING-FX504GD-FX80GD
uname -m = x86_64
uname -r = 5.15.0-60-generic
uname -s = Linux
uname -v = #66-Ubuntu SMP Fri Jan 20 14:29:49 UTC 2023

/usr/bin/uname -p = x86_64
/bin/uname -X     = unknown

/bin/arch              = x86_64
/usr/bin/arch -k       = unknown
/usr/convex/getsysinfo = unknown
/usr/bin/hostinfo      = unknown
/bin/machine           = unknown
/usr/bin/oslevel       = unknown
/bin/universe          = unknown

PATH: /riscv-simulators/spike/bin
PATH: /opt/riscv/bin
PATH: /usr/local/sbin
PATH: /usr/local/bin
PATH: /usr/sbin
PATH: /usr/bin
PATH: /sbin
PATH: /bin
PATH: /usr/games
PATH: /usr/local/games
PATH: /snap/bin
PATH: /snap/bin
PATH: /home/daksith/.cache/coursier/arc/https/github.com/AdoptOpenJDK/openjdk8-binaries/releases/download/jdk8u292-b10/OpenJDK8U-jdk_x64_linux_hotspot_8u292b10.tar.gz/jdk8u292-b10/bin
PATH: /home/daksith/.local/share/coursier/bin


## ----------- ##
## Core tests. ##
## ----------- ##

configure:1794: checking build system type
configure:1808: result: x86_64-pc-linux-gnu
configure:1828: checking host system type
configure:1841: result: x86_64-pc-linux-gnu
configure:1861: checking target system type
configure:1874: result: riscv64-unknown-elf
configure:1919: checking for a BSD-compatible install
configure:1987: result: /usr/bin/install -c
configure:1998: checking whether build environment is sane
configure:2053: result: yes
configure:2204: checking for a thread-safe mkdir -p
configure:2243: result: /usr/bin/mkdir -p
configure:2250: checking for gawk
configure:2266: found /usr/bin/gawk
configure:2277: result: gawk
configure:2288: checking whether make sets $(MAKE)
configure:2310: result: yes
configure:2339: checking whether make supports nested variables
configure:2356: result: yes
configure:2483: checking whether to enable maintainer-specific portions of Makefiles
configure:2492: result: yes
configure:2541: checking for a Python interpreter with version >= 3.5
configure:2558: python -c import sys # split strings by '.' and convert to numeric. Append some zeros # because we need at least 4 digits for the hex conversion. # map returns an iterator in Python 3.0 and a list in 2.x minver = list(map(int, '3.5'.split('.'))) + [0, 0, 0] minverhex = 0 # xrange is not present in Python 3.0 and range returns an iterator for i in list(range(0, 4)): minverhex = (minverhex << 8) + minver[i] sys.exit(sys.hexversion < minverhex)
./configure: line 2559: python: command not found
configure:2561: $? = 127
configure:2558: python2 -c import sys # split strings by '.' and convert to numeric. Append some zeros # because we need at least 4 digits for the hex conversion. # map returns an iterator in Python 3.0 and a list in 2.x minver = list(map(int, '3.5'.split('.'))) + [0, 0, 0] minverhex = 0 # xrange is not present in Python 3.0 and range returns an iterator for i in list(range(0, 4)): minverhex = (minverhex << 8) + minver[i] sys.exit(sys.hexversion < minverhex)
./configure: line 2559: python2: command not found
configure:2561: $? = 127
configure:2558: python3 -c import sys # split strings by '.' and convert to numeric. Append some zeros # because we need at least 4 digits for the hex conversion. # map returns an iterator in Python 3.0 and a list in 2.x minver = list(map(int, '3.5'.split('.'))) + [0, 0, 0] minverhex = 0 # xrange is not present in Python 3.0 and range returns an iterator for i in list(range(0, 4)): minverhex = (minverhex << 8) + minver[i] sys.exit(sys.hexversion < minverhex)
configure:2561: $? = 0
configure:2567: result: python3
configure:2575: checking for python3
configure:2593: found /usr/bin/python3
configure:2605: result: /usr/bin/python3
configure:2623: checking for python3 version
configure:2630: result: 3.1
configure:2642: checking for python3 platform
configure:2649: result: linux
configure:2675: checking for python3 script directory
configure:2710: result: ${prefix}/local/lib/python3.10/dist-packages
configure:2719: checking for python3 extension module directory
configure:2754: result: ${exec_prefix}/local/lib/python3.10/dist-packages
configure:2769: checking for riscv64-unknown-elf-objcopy
configure:2787: found /opt/riscv/bin/riscv64-unknown-elf-objcopy
configure:2799: result: /opt/riscv/bin/riscv64-unknown-elf-objcopy
configure:3000: checking that generated files are newer than configure
configure:3006: result: done
configure:3018: creating ./config.status

## ---------------------- ##
## Running config.status. ##
## ---------------------- ##

This file was extended by elf2hex config.status 1.0.1, which was
generated by GNU Autoconf 2.69.  Invocation command line was

  CONFIG_FILES    = 
  CONFIG_HEADERS  = 
  CONFIG_LINKS    = 
  CONFIG_COMMANDS = 
  $ ./config.status 

on daksith-TUF-GAMING-FX504GD-FX80GD

config.status:768: creating Makefile

## ---------------- ##
## Cache variables. ##
## ---------------- ##

ac_cv_build=x86_64-pc-linux-gnu
ac_cv_env_PYTHON_set=
ac_cv_env_PYTHON_value=
ac_cv_env_build_alias_set=
ac_cv_env_build_alias_value=
ac_cv_env_host_alias_set=
ac_cv_env_host_alias_value=
ac_cv_env_target_alias_set=set
ac_cv_env_target_alias_value=riscv64-unknown-elf
ac_cv_host=x86_64-pc-linux-gnu
ac_cv_path_OBJCOPY=/opt/riscv/bin/riscv64-unknown-elf-objcopy
ac_cv_path_PYTHON=/usr/bin/python3
ac_cv_path_install='/usr/bin/install -c'
ac_cv_path_mkdir=/usr/bin/mkdir
ac_cv_prog_AWK=gawk
ac_cv_prog_make_make_set=yes
ac_cv_target=riscv64-unknown-elf
am_cv_make_support_nested_variables=yes
am_cv_pathless_PYTHON=python3
am_cv_python_platform=linux
am_cv_python_pyexecdir='${exec_prefix}/local/lib/python3.10/dist-packages'
am_cv_python_pythondir='${prefix}/local/lib/python3.10/dist-packages'
am_cv_python_version=3.1

## ----------------- ##
## Output variables. ##
## ----------------- ##

ACLOCAL='${SHELL} /home/daksith/Documents/Riscv_emulator/elf2hex-1.0.1/missing aclocal-1.15'
AMTAR='$${TAR-tar}'
AM_BACKSLASH='\'
AM_DEFAULT_V='$(AM_DEFAULT_VERBOSITY)'
AM_DEFAULT_VERBOSITY='1'
AM_V='$(V)'
AUTOCONF='${SHELL} /home/daksith/Documents/Riscv_emulator/elf2hex-1.0.1/missing autoconf'
AUTOHEADER='${SHELL} /home/daksith/Documents/Riscv_emulator/elf2hex-1.0.1/missing autoheader'
AUTOMAKE='${SHELL} /home/daksith/Documents/Riscv_emulator/elf2hex-1.0.1/missing automake-1.15'
AWK='gawk'
CYGPATH_W='echo'
DEFS='-DPACKAGE_NAME=\"elf2hex\" -DPACKAGE_TARNAME=\"elf2hex\" -DPACKAGE_VERSION=\"1.0.1\" -DPACKAGE_STRING=\"elf2hex\ 1.0.1\" -DPACKAGE_BUGREPORT=\"palmer@sifive.com\" -DPACKAGE_URL=\"\" -DPACKAGE=\"elf2hex\" -DVERSION=\"1.0.1\"'
ECHO_C=''
ECHO_N='-n'
ECHO_T=''
INSTALL_DATA='${INSTALL} -m 644'
INSTALL_PROGRAM='${INSTALL}'
INSTALL_SCRIPT='${INSTALL}'
INSTALL_STRIP_PROGRAM='$(install_sh) -c -s'
LIBOBJS=''
LIBS=''
LTLIBOBJS=''
MAINT=''
MAINTAINER_MODE_FALSE='#'
MAINTAINER_MODE_TRUE=''
MAKEINFO='${SHELL} /home/daksith/Documents/Riscv_emulator/elf2hex-1.0.1/missing makeinfo'
MKDIR_P='/usr/bin/mkdir -p'
OBJCOPY='/opt/riscv/bin/riscv64-unknown-elf-objcopy'
PACKAGE='elf2hex'
PACKAGE_BUGREPORT='palmer@sifive.com'
PACKAGE_NAME='elf2hex'
PACKAGE_STRING='elf2hex 1.0.1'
PACKAGE_TARNAME='elf2hex'
PACKAGE_URL=''
PACKAGE_VERSION='1.0.1'
PATH_SEPARATOR=':'
PYTHON='/usr/bin/python3'
PYTHON_EXEC_PREFIX='${exec_prefix}'
PYTHON_PLATFORM='linux'
PYTHON_PREFIX='${prefix}'
PYTHON_VERSION='3.1'
SET_MAKE=''
SHELL='/bin/bash'
STRIP=''
VERSION='1.0.1'
am__isrc=''
am__leading_dot='.'
am__tar='$${TAR-tar} chof - "$$tardir"'
am__untar='$${TAR-tar} xf -'
bindir='${exec_prefix}/bin'
build='x86_64-pc-linux-gnu'
build_alias=''
build_cpu='x86_64'
build_os='linux-gnu'
build_vendor='pc'
datadir='${datarootdir}'
datarootdir='${prefix}/share'
docdir='${datarootdir}/doc/${PACKAGE_TARNAME}'
dvidir='${docdir}'
exec_prefix='${prefix}'
host='x86_64-pc-linux-gnu'
host_alias=''
host_cpu='x86_64'
host_os='linux-gnu'
host_vendor='pc'
htmldir='${docdir}'
includedir='${prefix}/include'
infodir='${datarootdir}/info'
install_sh='${SHELL} /home/daksith/Documents/Riscv_emulator/elf2hex-1.0.1/install-sh'
libdir='${exec_prefix}/lib'
libexecdir='${exec_prefix}/libexec'
localedir='${datarootdir}/locale'
localstatedir='${prefix}/var'
mandir='${datarootdir}/man'
mkdir_p='$(MKDIR_P)'
oldincludedir='/usr/include'
pdfdir='${docdir}'
pkgpyexecdir='${pyexecdir}/elf2hex'
pkgpythondir='${pythondir}/elf2hex'
prefix='/usr/local'
program_transform_name='s&^&riscv64-unknown-elf-&'
psdir='${docdir}'
pyexecdir='${exec_prefix}/local/lib/python3.10/dist-packages'
pythondir='${prefix}/local/lib/python3.10/dist-packages'
runstatedir='${localstatedir}/run'
sbindir='${exec_prefix}/sbin'
sharedstatedir='${prefix}/com'
sysconfdir='${prefix}/etc'
target='riscv64-unknown-elf'
target_alias='riscv64-unknown-elf'
target_cpu='riscv64'
target_os='elf'
target_vendor='unknown'

## ----------- ##
## confdefs.h. ##
## ----------- ##

/* confdefs.h */
#define PACKAGE_NAME "elf2hex"
#define PACKAGE_TARNAME "elf2hex"
#define PACKAGE_VERSION "1.0.1"
#define PACKAGE_STRING "elf2hex 1.0.1"
#define PACKAGE_BUGREPORT "palmer@sifive.com"
#define PACKAGE_URL ""
#define PACKAGE "elf2hex"
#define VERSION "1.0.1"

configure: exit 0
